<?xml version="1.0" encoding="UTF-8"?>
<!-- Generated by org.testng.reporters.JUnitXMLReporter -->
<testsuite ignored="2" hostname="DESKTOP-DLCA5PT" failures="0" tests="1" name="Default test" time="8.829" errors="0" timestamp="2024-12-21T15:53:35 IST">
  <testcase classname="alertwindowhandles.PopupWindowAlertHandles" name="alertsendtextokcancelbutton" time="5.572"/>
  <testcase classname="alertwindowhandles.PopupWindowAlertHandles" name="alertcancelbutton" time="0.0">
    <ignored/>
  </testcase> <!-- alertcancelbutton -->
  <testcase classname="alertwindowhandles.PopupWindowAlertHandles" name="alertokbutton" time="0.0">
    <ignored/>
  </testcase> <!-- alertokbutton -->
</testsuite> <!-- Default test -->
