<?xml version="1.0" encoding="UTF-8"?>
<!-- Generated by org.testng.reporters.JUnitXMLReporter -->
<testsuite ignored="4" hostname="DESKTOP-DLCA5PT" failures="0" tests="2" name="Test" time="15.559" errors="0" timestamp="2024-12-17T20:54:57 IST">
  <testcase classname="testng.TestNG_9_TCs_Groups" name="redmine" time="6.759"/>
  <testcase classname="testng.TestNG_9_TCs_Groups" name="techlearn" time="5.702"/>
  <testcase classname="testng.TestNG_9_TCs_Groups" name="google" time="0.0">
    <ignored/>
  </testcase> <!-- google -->
  <testcase classname="testng.TestNG_9_TCs_Groups" name="facebook" time="0.0">
    <ignored/>
  </testcase> <!-- facebook -->
  <testcase classname="testng.TestNG_9_TCs_Groups" name="gmail" time="0.0">
    <ignored/>
  </testcase> <!-- gmail -->
  <testcase classname="testng.TestNG_9_TCs_Groups" name="twitter" time="0.0">
    <ignored/>
  </testcase> <!-- twitter -->
</testsuite> <!-- Test -->
