<?xml version="1.0" encoding="UTF-8"?>
<testng-results ignored="2" total="3" passed="1" failed="0" skipped="0">
  <reporter-output>
  </reporter-output>
  <suite started-at="2024-12-21T15:53:26 IST" name="Default suite" finished-at="2024-12-21T15:53:35 IST" duration-ms="8829">
    <groups>
    </groups>
    <test started-at="2024-12-21T15:53:26 IST" name="Default test" finished-at="2024-12-21T15:53:35 IST" duration-ms="8829">
      <class name="alertwindowhandles.PopupWindowAlertHandles">
        <test-method is-config="true" signature="beforeTest()[pri:0, instance:alertwindowhandles.PopupWindowAlertHandles@18df8434]" started-at="2024-12-21T15:53:26 IST" name="beforeTest" finished-at="2024-12-21T15:53:29 IST" duration-ms="3154" status="PASS">
          <reporter-output>
          </reporter-output>
        </test-method> <!-- beforeTest -->
        <test-method signature="alertsendtextokcancelbutton()[pri:0, instance:alertwindowhandles.PopupWindowAlertHandles@18df8434]" started-at="2024-12-21T15:53:29 IST" name="alertsendtextokcancelbutton" finished-at="2024-12-21T15:53:35 IST" duration-ms="5572" status="PASS">
          <reporter-output>
          </reporter-output>
        </test-method> <!-- alertsendtextokcancelbutton -->
      </class> <!-- alertwindowhandles.PopupWindowAlertHandles -->
    </test> <!-- Default test -->
  </suite> <!-- Default suite -->
</testng-results>
